来自 github.com:ZhaohengLi/covid-19-visualization
   d1ecf39..5bf687b  master     -> origin/master
warning: unable to rmdir 'rumor': 目录非空
更新 d1ecf39..5bf687b
Fast-forward
 rumor                                           |      1 -
 src/data_china.py                               |     31 +-
 src/main.py                                     |     24 +-
 src/rumor/README.md                             |     40 +
 src/rumor/checkpoint/weights.best.weibo.glan    |    Bin 0 -> 21696649 bytes
 src/rumor/dataset/README.txt                    |      6 +
 src/rumor/dataset/dict.txt.big                  | 584471 +++++++++++++++++++++
 src/rumor/dataset/preprocess.py                 |    252 +
 src/rumor/dataset/twitter15/dev.pkl             |    Bin 0 -> 17534 bytes
 src/rumor/dataset/twitter15/test.pkl            |    Bin 0 -> 39610 bytes
 src/rumor/dataset/twitter15/train.pkl           |    Bin 0 -> 3804353 bytes
 src/rumor/dataset/twitter15/twitter15.dev       |    149 +
 src/rumor/dataset/twitter15/twitter15.test      |    336 +
 src/rumor/dataset/twitter15/twitter15.train     |   1005 +
 src/rumor/dataset/twitter15/twitter15_graph.txt |   1489 +
 src/rumor/dataset/twitter15/vocab.pkl           |    Bin 0 -> 42251 bytes
 src/rumor/dataset/twitter16/dev.pkl             |    Bin 0 -> 9638 bytes
 src/rumor/dataset/twitter16/test.pkl            |    Bin 0 -> 21424 bytes
 src/rumor/dataset/twitter16/train.pkl           |    Bin 0 -> 2337009 bytes
 src/rumor/dataset/twitter16/twitter16.dev       |     82 +
 src/rumor/dataset/twitter16/twitter16.test      |    184 +
 src/rumor/dataset/twitter16/twitter16.train     |    552 +
 src/rumor/dataset/twitter16/twitter16_graph.txt |    817 +
 src/rumor/dataset/twitter16/vocab.pkl           |    Bin 0 -> 24626 bytes
 src/rumor/dataset/weibo/dev.pkl                 |    Bin 0 -> 62040 bytes
 src/rumor/dataset/weibo/test.pkl                |    Bin 0 -> 140010 bytes
 src/rumor/dataset/weibo/train.pkl               |    Bin 0 -> 24264838 bytes
 src/rumor/dataset/weibo/vocab.pkl               |    Bin 0 -> 302026 bytes
 src/rumor/dataset/weibo/weibo.dev               |    467 +
 src/rumor/dataset/weibo/weibo.test              |   1050 +
 src/rumor/dataset/weibo/weibo.train             |   3147 +
 src/rumor/dataset/weibo/weibo.txt               |   4664 +
 src/rumor/dataset/weibo/weibo_graph.txt         |   4664 +
 src/rumor/dict.txt.big                          | 584471 +++++++++++++++++++++
 src/rumor/model/GAT.py                          |    135 +
 src/rumor/model/GLAN.py                         |    101 +
 src/rumor/model/NeuralNetwork.py                |    127 +
 src/rumor/model/TransformerBlock.py             |    100 +
 src/rumor/run.py                                |     83 +
 39 files changed, 1188434 insertions(+), 14 deletions(-)
 delete mode 160000 rumor
 create mode 100755 src/rumor/README.md
 create mode 100755 src/rumor/checkpoint/weights.best.weibo.glan
 create mode 100755 src/rumor/dataset/README.txt
 create mode 100755 src/rumor/dataset/dict.txt.big
 create mode 100755 src/rumor/dataset/preprocess.py
 create mode 100755 src/rumor/dataset/twitter15/dev.pkl
 create mode 100755 src/rumor/dataset/twitter15/test.pkl
 create mode 100755 src/rumor/dataset/twitter15/train.pkl
 create mode 100755 src/rumor/dataset/twitter15/twitter15.dev
 create mode 100755 src/rumor/dataset/twitter15/twitter15.test
 create mode 100755 src/rumor/dataset/twitter15/twitter15.train
 create mode 100755 src/rumor/dataset/twitter15/twitter15_graph.txt
 create mode 100755 src/rumor/dataset/twitter15/vocab.pkl
 create mode 100755 src/rumor/dataset/twitter16/dev.pkl
 create mode 100755 src/rumor/dataset/twitter16/test.pkl
 create mode 100755 src/rumor/dataset/twitter16/train.pkl
 create mode 100755 src/rumor/dataset/twitter16/twitter16.dev
 create mode 100755 src/rumor/dataset/twitter16/twitter16.test
 create mode 100755 src/rumor/dataset/twitter16/twitter16.train
 create mode 100755 src/rumor/dataset/twitter16/twitter16_graph.txt
 create mode 100755 src/rumor/dataset/twitter16/vocab.pkl
 create mode 100755 src/rumor/dataset/weibo/dev.pkl
 create mode 100755 src/rumor/dataset/weibo/test.pkl
 create mode 100755 src/rumor/dataset/weibo/train.pkl
 create mode 100755 src/rumor/dataset/weibo/vocab.pkl
 create mode 100755 src/rumor/dataset/weibo/weibo.dev
 create mode 100755 src/rumor/dataset/weibo/weibo.test
 create mode 100755 src/rumor/dataset/weibo/weibo.train
 create mode 100755 src/rumor/dataset/weibo/weibo.txt
 create mode 100755 src/rumor/dataset/weibo/weibo_graph.txt
 create mode 100755 src/rumor/dict.txt.big
 create mode 100755 src/rumor/model/GAT.py
 create mode 100755 src/rumor/model/GLAN.py
 create mode 100755 src/rumor/model/NeuralNetwork.py
 create mode 100755 src/rumor/model/TransformerBlock.py
 create mode 100755 src/rumor/run.py
